<?xml version="1.0" encoding="UTF-8"?>
<testsuite name="io.aequicor.magicpaper.data.skills.SkillInstallerTest" tests="5" skipped="0" failures="0" errors="0" timestamp="2026-09-08T04:53:39.166Z" hostname="MacBook-Pro-Aequicor.local" time="0.006">
  <properties/>
  <testcase name="conflictBlocksCrossSourceName[jvm]" classname="io.aequicor.magicpaper.data.skills.SkillInstallerTest" time="0.003"/>
  <testcase name="installsCatalogEntry[jvm]" classname="io.aequicor.magicpaper.data.skills.SkillInstallerTest" time="0.001"/>
  <testcase name="reinstallUpdatesKeepingId[jvm]" classname="io.aequicor.magicpaper.data.skills.SkillInstallerTest" time="0.001"/>
  <testcase name="blankNameIsRejected[jvm]" classname="io.aequicor.magicpaper.data.skills.SkillInstallerTest" time="0.0"/>
  <testcase name="draftInstallsAsSelfMade[jvm]" classname="io.aequicor.magicpaper.data.skills.SkillInstallerTest" time="0.001"/>
  <system-out><![CDATA[]]></system-out>
  <system-err><![CDATA[]]></system-err>
</testsuite>
