<?xml version="1.0" encoding="UTF-8"?>
<testsuite name="io.aequicor.magicpaper.data.skills.SkillRuntimeIntegrationTest" tests="1" skipped="0" failures="0" errors="0" timestamp="2026-09-08T04:53:39.195Z" hostname="MacBook-Pro-Aequicor.local" time="0.645">
  <properties/>
  <testcase name="activeBytesReachChatButFailuresCancellationAndAttacksLeaveRepositoryIntact[jvm]" classname="io.aequicor.magicpaper.data.skills.SkillRuntimeIntegrationTest" time="0.645"/>
  <system-out><![CDATA[]]></system-out>
  <system-err><![CDATA[]]></system-err>
</testsuite>
