<?xml version="1.0" encoding="UTF-8"?>
<testsuite name="io.aequicor.magicpaper.data.skills.JsonSkillRepositoryTest" tests="3" skipped="0" failures="0" errors="0" timestamp="2026-09-08T04:53:32.168Z" hostname="MacBook-Pro-Aequicor.local" time="0.048">
  <properties/>
  <testcase name="deleteAndWipe[jvm]" classname="io.aequicor.magicpaper.data.skills.JsonSkillRepositoryTest" time="0.046"/>
  <testcase name="roundTrip[jvm]" classname="io.aequicor.magicpaper.data.skills.JsonSkillRepositoryTest" time="0.001"/>
  <testcase name="brokenDataFallsBackToEmpty[jvm]" classname="io.aequicor.magicpaper.data.skills.JsonSkillRepositoryTest" time="0.001"/>
  <system-out><![CDATA[]]></system-out>
  <system-err><![CDATA[]]></system-err>
</testsuite>
