<?xml version="1.0" encoding="UTF-8"?>
<testsuite name="io.aequicor.magicpaper.data.skills.LocalExperiencePanelTest" tests="1" skipped="0" failures="0" errors="0" timestamp="2026-09-08T04:53:32.217Z" hostname="MacBook-Pro-Aequicor.local" time="1.236">
  <properties/>
  <testcase name="journalPanelRendersAtNarrowAndDesktopWidthsWithoutCallingLlm[jvm]" classname="io.aequicor.magicpaper.data.skills.LocalExperiencePanelTest" time="1.236"/>
  <system-out><![CDATA[]]></system-out>
  <system-err><![CDATA[]]></system-err>
</testsuite>
