<?xml version="1.0" encoding="UTF-8"?>
<testsuite name="io.aequicor.magicpaper.ui.screens.CodingComposerRenderTest" tests="2" skipped="0" failures="0" errors="0" timestamp="2026-09-08T04:53:52.426Z" hostname="MacBook-Pro-Aequicor.local" time="3.807">
  <properties/>
  <testcase name="modelRemainsClickableBesideSendAtBothWidths[jvm]" classname="io.aequicor.magicpaper.ui.screens.CodingComposerRenderTest" time="0.211"/>
  <testcase name="reasoningStatusRendersWithAndWithoutSummaryDuringCommand[jvm]" classname="io.aequicor.magicpaper.ui.screens.CodingComposerRenderTest" time="3.596"/>
  <system-out><![CDATA[]]></system-out>
  <system-err><![CDATA[]]></system-err>
</testsuite>
