<?xml version="1.0" encoding="UTF-8"?>
<testsuite name="io.aequicor.magicpaper.data.skills.LocalSkillExperienceTest" tests="23" skipped="0" failures="0" errors="0" timestamp="2026-09-08T04:53:33.454Z" hostname="MacBook-Pro-Aequicor.local" time="2.353">
  <properties/>
  <testcase name="heldOutRegressionBlocksEvenReviewedCandidateAndSurvivesReimport[jvm]" classname="io.aequicor.magicpaper.data.skills.LocalSkillExperienceTest" time="0.109"/>
  <testcase name="interruptedDeletionResumesFromTombstoneAfterRestart[jvm]" classname="io.aequicor.magicpaper.data.skills.LocalSkillExperienceTest" time="0.1"/>
  <testcase name="legacyJournalBlocksUntilExplicitDeletionWithoutImportingText[jvm]" classname="io.aequicor.magicpaper.data.skills.LocalSkillExperienceTest" time="0.088"/>
  <testcase name="unknownEvaluationTextIsOnlyAFailedScoreAndNeverEntersNextRequestOrDisk[jvm]" classname="io.aequicor.magicpaper.data.skills.LocalSkillExperienceTest" time="0.076"/>
  <testcase name="timeoutAndSecretOutputLeaveNoActiveRelease[jvm]" classname="io.aequicor.magicpaper.data.skills.LocalSkillExperienceTest" time="0.022"/>
  <testcase name="closedEnumsAndUnapprovedTransportMakeZeroRequests[jvm]" classname="io.aequicor.magicpaper.data.skills.LocalSkillExperienceTest" time="0.02"/>
  <testcase name="everyClosedScenarioAndTemplateProducesOnlyCanonicalPackages[jvm]" classname="io.aequicor.magicpaper.data.skills.LocalSkillExperienceTest" time="0.343"/>
  <testcase name="deletionCancelsInFlightAndLateNonCooperativeResponseCannotResurrect[jvm]" classname="io.aequicor.magicpaper.data.skills.LocalSkillExperienceTest" time="0.03"/>
  <testcase name="baselineChangeBlocksPromotionWithFreshActivationConsent[jvm]" classname="io.aequicor.magicpaper.data.skills.LocalSkillExperienceTest" time="0.14"/>
  <testcase name="unknownModelProseIsNeitherStoredNorForwarded[jvm]" classname="io.aequicor.magicpaper.data.skills.LocalSkillExperienceTest" time="0.02"/>
  <testcase name="corruptJournalFailsClosedAndDoesNotOverwrite[jvm]" classname="io.aequicor.magicpaper.data.skills.LocalSkillExperienceTest" time="0.018"/>
  <testcase name="arbitraryReviewedBaselineIsNeverSentOrCopied[jvm]" classname="io.aequicor.magicpaper.data.skills.LocalSkillExperienceTest" time="0.171"/>
  <testcase name="legacyDeletionRemovesDerivedPackagesAndRetriesWithoutCopyingOldKeys[jvm]" classname="io.aequicor.magicpaper.data.skills.LocalSkillExperienceTest" time="0.039"/>
  <testcase name="deletionAlsoRemovesInternalDamagedCopyCreatedByExplicitRecovery[jvm]" classname="io.aequicor.magicpaper.data.skills.LocalSkillExperienceTest" time="0.134"/>
  <testcase name="recordingSearchingAndReopeningUseOnlyLocalJournalWithoutAnyLlmRequest[jvm]" classname="io.aequicor.magicpaper.data.skills.LocalSkillExperienceTest" time="0.029"/>
  <testcase name="candidateAutomaticallyEvaluatesButNeedsReviewAndActivationAfterRestart[jvm]" classname="io.aequicor.magicpaper.data.skills.LocalSkillExperienceTest" time="0.085"/>
  <testcase name="deletionLeavesNoDerivedFilesReferencesOrSearchResultsAfterReopen[jvm]" classname="io.aequicor.magicpaper.data.skills.LocalSkillExperienceTest" time="0.108"/>
  <testcase name="fixedAndHeldOutRegressionsCannotReplaceActualActiveBaselineEvenAfterReviewAndRestart[jvm]" classname="io.aequicor.magicpaper.data.skills.LocalSkillExperienceTest" time="0.272"/>
  <testcase name="moreThanSixSelectedObservationsAndDeletedPreviewAreRejected[jvm]" classname="io.aequicor.magicpaper.data.skills.LocalSkillExperienceTest" time="0.081"/>
  <testcase name="deleteDuringEvaluationRemovesCandidatePayloadAndReport[jvm]" classname="io.aequicor.magicpaper.data.skills.LocalSkillExperienceTest" time="0.07"/>
  <testcase name="deletingActiveImprovementDoesNotReactivatePreviousVersion[jvm]" classname="io.aequicor.magicpaper.data.skills.LocalSkillExperienceTest" time="0.181"/>
  <testcase name="localRetentionSearchAndIndependentDeletionSurviveRestart[jvm]" classname="io.aequicor.magicpaper.data.skills.LocalSkillExperienceTest" time="0.036"/>
  <testcase name="rollbackRestoresVersionAndPermissionsAndDeletionCannotRestoreExperience[jvm]" classname="io.aequicor.magicpaper.data.skills.LocalSkillExperienceTest" time="0.18"/>
  <system-out><![CDATA[]]></system-out>
  <system-err><![CDATA[]]></system-err>
</testsuite>
